2025-04-04 04:04:00.114856 - Received CBT.V508.FILE104.PDS from FILE104.XMI 
2025-04-04 04:04:00.116739 - Found $$$#DATE.txt (text/plain) in CBT.V508.FILE104.PDS, moved to PDS/$$$#DATE
2025-04-04 04:04:00.116889 - Found $$$DOC.txt (text/plain) in CBT.V508.FILE104.PDS, moved to PDS/$$$DOC
2025-04-04 04:04:00.117055 - Found $$DOC.txt (text/plain) in CBT.V508.FILE104.PDS, moved to PDS/$$DOC
2025-04-04 04:04:00.117178 - Found $$DOCOL.txt (text/plain) in CBT.V508.FILE104.PDS, moved to PDS/$$DOCOL
2025-04-04 04:04:00.117505 - Found $SBGINST.jcl (text/plain) in CBT.V508.FILE104.PDS, moved to PDS/$SBGINST
2025-04-04 04:04:00.117624 - Found @FILE104.txt (text/plain) in CBT.V508.FILE104.PDS, moved to PDS/@FILE104
2025-04-04 04:04:00.117744 - Found DHCINST.txt (text/plain) in CBT.V508.FILE104.PDS, moved to PDS/DHCINST
2025-04-04 04:04:00.117860 - Found DHC100A.txt (text/plain) in CBT.V508.FILE104.PDS, moved to PDS/DHC100A
2025-04-04 04:04:00.117983 - Found DHC121A.txt (text/plain) in CBT.V508.FILE104.PDS, moved to PDS/DHC121A
2025-04-04 04:04:00.118103 - Found DHC121B.txt (text/plain) in CBT.V508.FILE104.PDS, moved to PDS/DHC121B
2025-04-04 04:04:00.118215 - Found DHC300A.txt (text/plain) in CBT.V508.FILE104.PDS, moved to PDS/DHC300A
2025-04-04 04:04:00.118329 - Found DHC300B.txt (text/plain) in CBT.V508.FILE104.PDS, moved to PDS/DHC300B
2025-04-04 04:04:00.118507 - Found DHC300C.txt (text/plain) in CBT.V508.FILE104.PDS, moved to PDS/DHC300C
2025-04-04 04:04:00.118625 - Found JRP.txt (text/plain) in CBT.V508.FILE104.PDS, moved to PDS/JRP
2025-04-04 04:04:00.118780 - Found JRPDMAC.txt (text/plain) in CBT.V508.FILE104.PDS, moved to PDS/JRPDMAC
2025-04-04 04:04:00.119103 - Found JRPDMACX.txt (text/plain) in CBT.V508.FILE104.PDS, moved to PDS/JRPDMACX
2025-04-04 04:04:00.119229 - Found JRPDOCP.jcl (text/plain) in CBT.V508.FILE104.PDS, moved to PDS/JRPDOCP
2025-04-04 04:04:00.119349 - Found JRPEX.txt (text/plain) in CBT.V508.FILE104.PDS, moved to PDS/JRPEX
2025-04-04 04:04:00.119459 - Found JRPINIT.txt (text/plain) in CBT.V508.FILE104.PDS, moved to PDS/JRPINIT
2025-04-04 04:04:00.119574 - Found JRPINST.jcl (text/plain) in CBT.V508.FILE104.PDS, moved to PDS/JRPINST
2025-04-04 04:04:00.119698 - Found JRPREGS.txt (text/plain) in CBT.V508.FILE104.PDS, moved to PDS/JRPREGS
2025-04-04 04:04:00.119841 - Found JRPRINT.txt (text/plain) in CBT.V508.FILE104.PDS, moved to PDS/JRPRINT
2025-04-04 04:04:00.119968 - Found JRPRINTH.txt (text/plain) in CBT.V508.FILE104.PDS, moved to PDS/JRPRINTH
2025-04-04 04:04:00.120078 - Found JRPRTRN.txt (text/plain) in CBT.V508.FILE104.PDS, moved to PDS/JRPRTRN
2025-04-04 04:04:00.120187 - Found JRPSAVE.txt (text/plain) in CBT.V508.FILE104.PDS, moved to PDS/JRPSAVE
2025-04-04 04:04:00.120294 - Found JRPSMAC.txt (text/plain) in CBT.V508.FILE104.PDS, moved to PDS/JRPSMAC
2025-04-04 04:04:00.120408 - Found JRPSMACX.txt (text/plain) in CBT.V508.FILE104.PDS, moved to PDS/JRPSMACX
2025-04-04 04:04:00.120516 - Found JRPTMAC.txt (text/plain) in CBT.V508.FILE104.PDS, moved to PDS/JRPTMAC
2025-04-04 04:04:00.120632 - Found JRPUNLD.jcl (text/plain) in CBT.V508.FILE104.PDS, moved to PDS/JRPUNLD
2025-04-04 04:04:00.120753 - Found JRP100.txt (text/plain) in CBT.V508.FILE104.PDS, moved to PDS/JRP100
2025-04-04 04:04:00.120864 - Found JRP100OL.txt (text/plain) in CBT.V508.FILE104.PDS, moved to PDS/JRP100OL
2025-04-04 04:04:00.120984 - Found JRP110.txt (text/plain) in CBT.V508.FILE104.PDS, moved to PDS/JRP110
2025-04-04 04:04:00.121108 - Found JRP110OL.txt (text/plain) in CBT.V508.FILE104.PDS, moved to PDS/JRP110OL
2025-04-04 04:04:00.121218 - Found JRP120.txt (text/plain) in CBT.V508.FILE104.PDS, moved to PDS/JRP120
2025-04-04 04:04:00.121325 - Found JRP121.txt (text/plain) in CBT.V508.FILE104.PDS, moved to PDS/JRP121
2025-04-04 04:04:00.121434 - Found JRP121OL.txt (text/plain) in CBT.V508.FILE104.PDS, moved to PDS/JRP121OL
2025-04-04 04:04:00.121575 - Found JRP122.txt (text/plain) in CBT.V508.FILE104.PDS, moved to PDS/JRP122
2025-04-04 04:04:00.121690 - Found JRP123.txt (text/plain) in CBT.V508.FILE104.PDS, moved to PDS/JRP123
2025-04-04 04:04:00.121810 - Found JRP200.txt (text/plain) in CBT.V508.FILE104.PDS, moved to PDS/JRP200
2025-04-04 04:04:00.121919 - Found JRP210.txt (text/plain) in CBT.V508.FILE104.PDS, moved to PDS/JRP210
2025-04-04 04:04:00.122065 - Found JRP220.txt (text/plain) in CBT.V508.FILE104.PDS, moved to PDS/JRP220
2025-04-04 04:04:00.122184 - Found JRP300.txt (text/plain) in CBT.V508.FILE104.PDS, moved to PDS/JRP300
2025-04-04 04:04:00.122312 - Found JRP300OL.txt (text/plain) in CBT.V508.FILE104.PDS, moved to PDS/JRP300OL
2025-04-04 04:04:00.122423 - Found JRP300RT.txt (text/plain) in CBT.V508.FILE104.PDS, moved to PDS/JRP300RT
2025-04-04 04:04:00.122564 - Found JRP310.txt (text/plain) in CBT.V508.FILE104.PDS, moved to PDS/JRP310
2025-04-04 04:04:00.122681 - Found MDCB.txt (text/plain) in CBT.V508.FILE104.PDS, moved to PDS/MDCB
2025-04-04 04:04:00.122802 - Found RIN.txt (text/plain) in CBT.V508.FILE104.PDS, moved to PDS/RIN
2025-04-04 04:04:00.122927 - Found ROUT.txt (text/plain) in CBT.V508.FILE104.PDS, moved to PDS/ROUT
